<?xml version="1.0" encoding="UTF-8"?>
<!-- Generated by org.testng.reporters.JUnitReportReporter -->
<testsuite skipped="0" hostname="DESKTOP-6HTCB4G" name="org.demo.Trail" tests="6" failures="0" timestamp="08 Nov 2021 13:03:14 GMT" time="0.015" errors="0">
  <testcase name="test3" time="0.015" classname="org.demo.Trail"/>
  <testcase name="test2" time="0.000" classname="org.demo.Trail"/>
  <testcase name="test1" time="0.000" classname="org.demo.Trail"/>
  <testcase name="test1" time="0.000" classname="org.demo.Trail"/>
  <testcase name="test1" time="0.000" classname="org.demo.Trail"/>
  <testcase name="test1" time="0.000" classname="org.demo.Trail"/>
</testsuite> <!-- org.demo.Trail -->
