<?xml version="1.0" encoding="UTF-8"?>
<!-- Generated by org.testng.reporters.JUnitReportReporter -->
<testsuite skipped="0" hostname="DESKTOP-6HTCB4G" name="org.job.C" tests="3" failures="0" timestamp="11 Nov 2021 02:12:32 GMT" time="0.033" errors="0">
  <testcase name="testC1" time="0.014" classname="org.job.C"/>
  <testcase name="testC2" time="0.004" classname="org.job.C"/>
  <testcase name="testC1" time="0.015" classname="org.job.C"/>
</testsuite> <!-- org.job.C -->
