<?xml version="1.0" encoding="UTF-8"?>
<!-- Generated by org.testng.reporters.JUnitReportReporter -->
<testsuite skipped="0" hostname="DESKTOP-6HTCB4G" name="org.will.Auto" tests="5" failures="0" timestamp="11 Oct 2021 13:06:23 GMT" time="42.762" errors="0">
  <testcase name="test" time="14.611" classname="org.will.Auto"/>
  <testcase name="test" time="5.346" classname="org.will.Auto"/>
  <testcase name="test" time="13.359" classname="org.will.Auto"/>
  <testcase name="test" time="2.129" classname="org.will.Auto"/>
  <testcase name="test" time="7.317" classname="org.will.Auto"/>
</testsuite> <!-- org.will.Auto -->
