<?xml version="1.0" encoding="UTF-8"?>
<!-- Generated by org.testng.reporters.JUnitReportReporter -->
<testsuite skipped="0" hostname="DESKTOP-6HTCB4G" name="org.job.A" tests="3" failures="0" timestamp="02 Oct 2021 03:19:19 GMT" time="0.018" errors="0">
  <testcase name="testA3" time="0.013" classname="org.job.A"/>
  <testcase name="testA1" time="0.002" classname="org.job.A"/>
  <testcase name="testA2" time="0.003" classname="org.job.A"/>
</testsuite> <!-- org.job.A -->
