<?xml version="1.0" encoding="UTF-8"?>
<!-- Generated by org.testng.reporters.JUnitReportReporter -->
<testsuite skipped="0" hostname="DESKTOP-6HTCB4G" name="org.will.Group" tests="3" failures="0" timestamp="11 Nov 2021 02:59:42 GMT" time="0.016" errors="0">
  <testcase name="test2" time="0.016" classname="org.will.Group"/>
  <testcase name="test6" time="0.000" classname="org.will.Group"/>
  <testcase name="test5" time="0.000" classname="org.will.Group"/>
</testsuite> <!-- org.will.Group -->
