<?xml version="1.0" encoding="UTF-8"?>
<!-- Generated by org.testng.reporters.JUnitReportReporter -->
<testsuite skipped="1" hostname="DESKTOP-6HTCB4G" name="org.demo.Fbparameters" tests="3" failures="0" timestamp="09 Nov 2021 02:55:43 GMT" time="3.955" errors="0">
  <testcase name="test2" time="3.955" classname="org.demo.Fbparameters"/>
  <testcase name="test1" time="0.000" classname="org.demo.Fbparameters"/>
  <testcase name="test3" classname="org.demo.Fbparameters">
    <skipped/>
  </testcase> <!-- test3 -->
</testsuite> <!-- org.demo.Fbparameters -->
