<?xml version="1.0" encoding="UTF-8"?>
<!-- Generated by org.testng.reporters.JUnitReportReporter -->
<testsuite skipped="0" hostname="DESKTOP-6HTCB4G" name="parallel.Sub" tests="6" failures="0" timestamp="11 Nov 2021 03:37:11 GMT" time="0.078" errors="0">
  <testcase name="test2" time="0.015" classname="parallel.Sub"/>
  <testcase name="test1" time="0.016" classname="parallel.Sub"/>
  <testcase name="test3" time="0.015" classname="parallel.Sub"/>
  <testcase name="test2" time="0.000" classname="parallel.Sub"/>
  <testcase name="test1" time="0.016" classname="parallel.Sub"/>
  <testcase name="test3" time="0.016" classname="parallel.Sub"/>
</testsuite> <!-- parallel.Sub -->
