<?xml version="1.0" encoding="UTF-8"?>
<!-- Generated by org.testng.reporters.JUnitReportReporter -->
<testsuite skipped="0" hostname="DESKTOP-6HTCB4G" name="org.job.B" tests="1" failures="0" timestamp="02 Oct 2021 14:03:07 GMT" time="1.148" errors="0">
  <testcase name="excel" time="1.148" classname="org.job.B"/>
</testsuite> <!-- org.job.B -->
