<?xml version="1.0" encoding="UTF-8"?>
<!-- Generated by org.testng.reporters.JUnitReportReporter -->
<testsuite skipped="0" hostname="DESKTOP-6HTCB4G" name="org.hotel.Main" tests="1" failures="0" timestamp="30 Sep 2021 13:11:16 GMT" time="23.207" errors="0">
  <testcase name="test" time="23.207" classname="org.hotel.Main"/>
</testsuite> <!-- org.hotel.Main -->
