<?xml version="1.0" encoding="UTF-8"?>
<!-- Generated by org.testng.reporters.JUnitReportReporter -->
<testsuite skipped="0" hostname="DESKTOP-6HTCB4G" name="org.will.DataDriven_Provider" tests="5" failures="0" timestamp="11 Nov 2021 14:00:41 GMT" time="0.016" errors="0">
  <testcase name="test" time="0.016" classname="org.will.DataDriven_Provider"/>
  <testcase name="test" time="0.000" classname="org.will.DataDriven_Provider"/>
  <testcase name="test" time="0.000" classname="org.will.DataDriven_Provider"/>
  <testcase name="test" time="0.000" classname="org.will.DataDriven_Provider"/>
  <testcase name="test" time="0.000" classname="org.will.DataDriven_Provider"/>
</testsuite> <!-- org.will.DataDriven_Provider -->
