<?xml version="1.0" encoding="UTF-8"?>
<!-- Generated by org.testng.reporters.JUnitReportReporter -->
<testsuite skipped="0" hostname="DESKTOP-6HTCB4G" name="hoteladd.ExcelRead" tests="1" failures="0" timestamp="03 Oct 2021 06:09:17 GMT" time="0.639" errors="0">
  <testcase name="test" time="0.639" classname="hoteladd.ExcelRead"/>
</testsuite> <!-- hoteladd.ExcelRead -->
