<?xml version="1.0" encoding="UTF-8"?>
<!-- Generated by org.testng.reporters.JUnitReportReporter -->
<testsuite skipped="0" hostname="DESKTOP-6HTCB4G" name="hoteladd.ExcelMain" tests="1" failures="0" timestamp="03 Oct 2021 05:34:27 GMT" time="14.595" errors="0">
  <testcase name="test" time="14.595" classname="hoteladd.ExcelMain"/>
</testsuite> <!-- hoteladd.ExcelMain -->
